<?xml version="1.0" encoding="UTF-8"?>
<!-- Generated by org.testng.reporters.JUnitReportReporter -->
<testsuite skipped="0" hostname="Vaibhav" name="com.bank.qa.testcases.NewCustomerTest" tests="3" failures="0" timestamp="19 Jul 2020 12:01:38 GMT" time="7.351" errors="0">
  <testcase name="verifyCreateNewCustomerTest" time="1.435" classname="com.bank.qa.testcases.NewCustomerTest"/>
  <testcase name="verifyCreateNewCustomerTest" time="1.259" classname="com.bank.qa.testcases.NewCustomerTest"/>
  <testcase name="verifyCreateNewCustomerTest" time="4.657" classname="com.bank.qa.testcases.NewCustomerTest"/>
</testsuite> <!-- com.bank.qa.testcases.NewCustomerTest -->
