<?xml version="1.0" encoding="UTF-8"?>
<!-- Generated by org.testng.reporters.JUnitReportReporter -->
<testsuite skipped="0" hostname="Vaibhav" name="com.bank.qa.testcases.LoginPageTest" tests="3" failures="0" timestamp="19 Jul 2020 12:01:38 GMT" time="3.144" errors="0">
  <testcase name="loginPageTitleTest" time="0.020" classname="com.bank.qa.testcases.LoginPageTest"/>
  <testcase name="loginPageTextTest" time="0.093" classname="com.bank.qa.testcases.LoginPageTest"/>
  <testcase name="loginTest" time="3.031" classname="com.bank.qa.testcases.LoginPageTest"/>
</testsuite> <!-- com.bank.qa.testcases.LoginPageTest -->
